Started by timer
Running as SYSTEM
Building in workspace /home/coder/project/workspace/jenkins/workspace/PrintingSDET
The recommended git tool is: NONE
No credentials specified
 > git rev-parse --resolve-git-dir /home/coder/project/workspace/jenkins/workspace/PrintingSDET/.git # timeout=10
Fetching changes from the remote Git repository
 > git config remote.origin.url https://github.com/Busted17/jenkins2 # timeout=10
Fetching upstream changes from https://github.com/Busted17/jenkins2
 > git --version # timeout=10
 > git --version # 'git version 2.30.2'
 > git fetch --tags --force --progress -- https://github.com/Busted17/jenkins2 +refs/heads/*:refs/remotes/origin/* # timeout=10
 > git rev-parse refs/remotes/origin/main^{commit} # timeout=10
Checking out Revision 51d0a8d04fa4ecebbaa7d2a1cf3ed8f781842715 (refs/remotes/origin/main)
 > git config core.sparsecheckout # timeout=10
 > git checkout -f 51d0a8d04fa4ecebbaa7d2a1cf3ed8f781842715 # timeout=10
Commit message: "Auto-save-commit-7/11/2025--10:32:38-AM"
 > git rev-list --no-walk 51d0a8d04fa4ecebbaa7d2a1cf3ed8f781842715 # timeout=10
[PrintingSDET] $ mvn clean test
[[1;34mINFO[m] Scanning for projects...
[[1;34mINFO[m] [1m------------------------------------------------------------------------[m
[[1;34mINFO[m] [1;31mBUILD FAILURE[m
[[1;34mINFO[m] [1m------------------------------------------------------------------------[m
[[1;34mINFO[m] Total time:  0.055 s
[[1;34mINFO[m] Finished at: 2025-07-11T05:17:06Z
[[1;34mINFO[m] [1m------------------------------------------------------------------------[m
[[1;31mERROR[m] The goal you specified requires a project to execute but there is no POM in this directory (/home/coder/project/workspace/jenkins/workspace/PrintingSDET). Please verify you invoked Maven from the correct directory. -> [1m[Help 1][m
[[1;31mERROR[m] 
[[1;31mERROR[m] To see the full stack trace of the errors, re-run Maven with the [1m-e[m switch.
[[1;31mERROR[m] Re-run Maven using the [1m-X[m switch to enable full debug logging.
[[1;31mERROR[m] 
[[1;31mERROR[m] For more information about the errors and possible solutions, please read the following articles:
[[1;31mERROR[m] [1m[Help 1][m http://cwiki.apache.org/confluence/display/MAVEN/MissingProjectException
Build step 'Invoke top-level Maven targets' marked build as failure
Finished: FAILURE
